Flow report for 8X8
Mon Jun 11 15:50:03 2018
Quartus II Version 7.2 Build 203 02/05/2008 Service Pack 2 SJ Web Edition


---------------------
; Table of Contents ;
---------------------
  1. Legal Notice
  2. Flow Summary
  3. Flow Settings
  4. Flow Non-Default Global Settings
  5. Flow Elapsed Time
  6. Flow Log



----------------
; Legal Notice ;
----------------
Copyright (C) 1991-2007 Altera Corporation
Your use of Altera Corporation's design tools, logic functions 
and other software and tools, and its AMPP partner logic 
functions, and any output files from any of the foregoing 
(including device programming or simulation files), and any 
associated documentation or information are expressly subject 
to the terms and conditions of the Altera Program License 
Subscription Agreement, Altera MegaCore Function License 
Agreement, or other applicable license agreement, including, 
without limitation, that your use is for the sole purpose of 
programming logic devices manufactured by Altera and sold by 
Altera or its authorized distributors.  Please refer to the 
applicable agreement for further details.



+------------------------------------------------------------------------+
; Flow Summary                                                           ;
+-------------------------+----------------------------------------------+
; Flow Status             ; Successful - Mon Jun 11 15:50:03 2018        ;
; Quartus II Version      ; 7.2 Build 203 02/05/2008 SP 2 SJ Web Edition ;
; Revision Name           ; 8X8                                          ;
; Top-level Entity Name   ; 8X8                                          ;
; Family                  ; FLEX10KA                                     ;
; Device                  ; EPF10K30ATC144-3                             ;
; Timing Models           ; Final                                        ;
; Met timing requirements ; Yes                                          ;
; Total logic elements    ; 199 / 1,728 ( 12 % )                         ;
; Total pins              ; 33 / 102 ( 32 % )                            ;
; Total memory bits       ; 0 / 12,288 ( 0 % )                           ;
+-------------------------+----------------------------------------------+


+-----------------------------------------+
; Flow Settings                           ;
+-------------------+---------------------+
; Option            ; Setting             ;
+-------------------+---------------------+
; Start date & time ; 06/11/2018 15:49:56 ;
; Main task         ; Compilation         ;
; Revision Name     ; 8X8                 ;
+-------------------+---------------------+


+---------------------------------------------------------------------------------------+
; Flow Non-Default Global Settings                                                      ;
+------------------------------------+-------+---------------+-------------+------------+
; Assignment Name                    ; Value ; Default Value ; Entity Name ; Section Id ;
+------------------------------------+-------+---------------+-------------+------------+
; USE_GENERATED_PHYSICAL_CONSTRAINTS ; Off   ; --            ; --          ; eda_palace ;
+------------------------------------+-------+---------------+-------------+------------+


+------------------------------------------------------------------+
; Flow Elapsed Time                                                ;
+-------------------------+--------------+-------------------------+
; Module Name             ; Elapsed Time ; Average Processors Used ;
+-------------------------+--------------+-------------------------+
; Analysis & Synthesis    ; 00:00:02     ; 1.0                     ;
; Fitter                  ; 00:00:01     ; 1.0                     ;
; Assembler               ; 00:00:01     ; 1.0                     ;
; Classic Timing Analyzer ; 00:00:00     ; 1.0                     ;
; Total                   ; 00:00:04     ; --                      ;
+-------------------------+--------------+-------------------------+


------------
; Flow Log ;
------------
quartus_map --read_settings_files=on --write_settings_files=off 8X8 -c 8X8
quartus_fit --read_settings_files=off --write_settings_files=off 8X8 -c 8X8
quartus_asm --read_settings_files=off --write_settings_files=off 8X8 -c 8X8
quartus_tan --read_settings_files=off --write_settings_files=off 8X8 -c 8X8



