Classic Timing Analyzer report for monster2
Thu Jun 07 20:25:07 2018
Quartus II Version 7.2 Build 203 02/05/2008 Service Pack 2 SJ Web Edition


---------------------
; Table of Contents ;
---------------------
  1. Legal Notice
  2. Timing Analyzer Summary
  3. Timing Analyzer Settings
  4. Clock Settings Summary
  5. Clock Setup: 'CLK'
  6. tsu
  7. tco
  8. th
  9. Timing Analyzer Messages



----------------
; Legal Notice ;
----------------
Copyright (C) 1991-2007 Altera Corporation
Your use of Altera Corporation's design tools, logic functions 
and other software and tools, and its AMPP partner logic 
functions, and any output files from any of the foregoing 
(including device programming or simulation files), and any 
associated documentation or information are expressly subject 
to the terms and conditions of the Altera Program License 
Subscription Agreement, Altera MegaCore Function License 
Agreement, or other applicable license agreement, including, 
without limitation, that your use is for the sole purpose of 
programming logic devices manufactured by Altera and sold by 
Altera or its authorized distributors.  Please refer to the 
applicable agreement for further details.



+------------------------------------------------------------------------------------------------------------------------------------------------------------------------+
; Timing Analyzer Summary                                                                                                                                                ;
+------------------------------+-------+---------------+----------------------------------+-------------------+-------------------+------------+----------+--------------+
; Type                         ; Slack ; Required Time ; Actual Time                      ; From              ; To                ; From Clock ; To Clock ; Failed Paths ;
+------------------------------+-------+---------------+----------------------------------+-------------------+-------------------+------------+----------+--------------+
; Worst-case tsu               ; N/A   ; None          ; 14.000 ns                        ; x[1]              ; cnt1[2]           ; --         ; CLK      ; 0            ;
; Worst-case tco               ; N/A   ; None          ; 14.700 ns                        ; row_Green[0]~reg0 ; row_Green[0]      ; CLK        ; --       ; 0            ;
; Worst-case th                ; N/A   ; None          ; -0.800 ns                        ; x[1]              ; cnt2[0]           ; --         ; CLK      ; 0            ;
; Clock Setup: 'CLK'           ; N/A   ; None          ; 70.42 MHz ( period = 14.200 ns ) ; cnt3[0]           ; row_Green[2]~reg0 ; CLK        ; CLK      ; 0            ;
; Total number of failed paths ;       ;               ;                                  ;                   ;                   ;            ;          ; 0            ;
+------------------------------+-------+---------------+----------------------------------+-------------------+-------------------+------------+----------+--------------+


+---------------------------------------------------------------------------------------------------------------+
; Timing Analyzer Settings                                                                                      ;
+----------------------------------------------------------------+--------------------+------+----+-------------+
; Option                                                         ; Setting            ; From ; To ; Entity Name ;
+----------------------------------------------------------------+--------------------+------+----+-------------+
; Device Name                                                    ; EPF10K30ATC144-3   ;      ;    ;             ;
; Timing Models                                                  ; Final              ;      ;    ;             ;
; Default hold multicycle                                        ; Same as Multicycle ;      ;    ;             ;
; Cut paths between unrelated clock domains                      ; On                 ;      ;    ;             ;
; Cut off read during write signal paths                         ; On                 ;      ;    ;             ;
; Cut off feedback from I/O pins                                 ; On                 ;      ;    ;             ;
; Report Combined Fast/Slow Timing                               ; Off                ;      ;    ;             ;
; Ignore Clock Settings                                          ; Off                ;      ;    ;             ;
; Analyze latches as synchronous elements                        ; On                 ;      ;    ;             ;
; Enable Recovery/Removal analysis                               ; Off                ;      ;    ;             ;
; Enable Clock Latency                                           ; Off                ;      ;    ;             ;
; Use TimeQuest Timing Analyzer                                  ; Off                ;      ;    ;             ;
; Number of source nodes to report per destination node          ; 10                 ;      ;    ;             ;
; Number of destination nodes to report                          ; 10                 ;      ;    ;             ;
; Number of paths to report                                      ; 200                ;      ;    ;             ;
; Report Minimum Timing Checks                                   ; Off                ;      ;    ;             ;
; Use Fast Timing Models                                         ; Off                ;      ;    ;             ;
; Report IO Paths Separately                                     ; Off                ;      ;    ;             ;
; Perform Multicorner Analysis                                   ; Off                ;      ;    ;             ;
; Reports the worst-case path for each clock domain and analysis ; Off                ;      ;    ;             ;
+----------------------------------------------------------------+--------------------+------+----+-------------+


+------------------------------------------------------------------------------------------------------------------------------------------------------------------------------------+
; Clock Settings Summary                                                                                                                                                             ;
+-----------------+--------------------+----------+------------------+---------------+--------------+----------+-----------------------+---------------------+--------+--------------+
; Clock Node Name ; Clock Setting Name ; Type     ; Fmax Requirement ; Early Latency ; Late Latency ; Based on ; Multiply Base Fmax by ; Divide Base Fmax by ; Offset ; Phase offset ;
+-----------------+--------------------+----------+------------------+---------------+--------------+----------+-----------------------+---------------------+--------+--------------+
; CLK             ;                    ; User Pin ; None             ; 0.000 ns      ; 0.000 ns     ; --       ; N/A                   ; N/A                 ; N/A    ;              ;
+-----------------+--------------------+----------+------------------+---------------+--------------+----------+-----------------------+---------------------+--------+--------------+


+---------------------------------------------------------------------------------------------------------------------------------------------------------------------------------------------------------------------------------------------------+
; Clock Setup: 'CLK'                                                                                                                                                                                                                                ;
+-----------------------------------------+-----------------------------------------------------+-------------------+-------------------+------------+----------+-----------------------------+---------------------------+-------------------------+
; Slack                                   ; Actual fmax (period)                                ; From              ; To                ; From Clock ; To Clock ; Required Setup Relationship ; Required Longest P2P Time ; Actual Longest P2P Time ;
+-----------------------------------------+-----------------------------------------------------+-------------------+-------------------+------------+----------+-----------------------------+---------------------------+-------------------------+
; N/A                                     ; 70.42 MHz ( period = 14.200 ns )                    ; cnt3[2]           ; row_Green[2]~reg0 ; CLK        ; CLK      ; None                        ; None                      ; 12.100 ns               ;
; N/A                                     ; 70.42 MHz ( period = 14.200 ns )                    ; cnt3[1]           ; row_Green[2]~reg0 ; CLK        ; CLK      ; None                        ; None                      ; 12.100 ns               ;
; N/A                                     ; 70.42 MHz ( period = 14.200 ns )                    ; cnt3[0]           ; row_Green[2]~reg0 ; CLK        ; CLK      ; None                        ; None                      ; 12.100 ns               ;
; N/A                                     ; 70.92 MHz ( period = 14.100 ns )                    ; cnt3[2]           ; row_Green[4]~reg0 ; CLK        ; CLK      ; None                        ; None                      ; 12.000 ns               ;
; N/A                                     ; 70.92 MHz ( period = 14.100 ns )                    ; cnt3[1]           ; row_Green[4]~reg0 ; CLK        ; CLK      ; None                        ; None                      ; 12.000 ns               ;
; N/A                                     ; 70.92 MHz ( period = 14.100 ns )                    ; cnt3[0]           ; row_Green[4]~reg0 ; CLK        ; CLK      ; None                        ; None                      ; 12.000 ns               ;
; N/A                                     ; 72.46 MHz ( period = 13.800 ns )                    ; cnt2[2]           ; row_Green[7]~reg0 ; CLK        ; CLK      ; None                        ; None                      ; 11.700 ns               ;
; N/A                                     ; 72.46 MHz ( period = 13.800 ns )                    ; cnt2[1]           ; row_Green[7]~reg0 ; CLK        ; CLK      ; None                        ; None                      ; 11.700 ns               ;
; N/A                                     ; 72.46 MHz ( period = 13.800 ns )                    ; cnt2[0]           ; row_Green[7]~reg0 ; CLK        ; CLK      ; None                        ; None                      ; 11.700 ns               ;
; N/A                                     ; 76.92 MHz ( period = 13.000 ns )                    ; cnt2[2]           ; row_Green[3]~reg0 ; CLK        ; CLK      ; None                        ; None                      ; 10.900 ns               ;
; N/A                                     ; 76.92 MHz ( period = 13.000 ns )                    ; cnt2[1]           ; row_Green[3]~reg0 ; CLK        ; CLK      ; None                        ; None                      ; 10.900 ns               ;
; N/A                                     ; 76.92 MHz ( period = 13.000 ns )                    ; cnt2[0]           ; row_Green[3]~reg0 ; CLK        ; CLK      ; None                        ; None                      ; 10.900 ns               ;
; N/A                                     ; 77.52 MHz ( period = 12.900 ns )                    ; cnt2[2]           ; col_Red[7]~reg0   ; CLK        ; CLK      ; None                        ; None                      ; 10.800 ns               ;
; N/A                                     ; 77.52 MHz ( period = 12.900 ns )                    ; cnt2[1]           ; col_Red[7]~reg0   ; CLK        ; CLK      ; None                        ; None                      ; 10.800 ns               ;
; N/A                                     ; 77.52 MHz ( period = 12.900 ns )                    ; cnt2[0]           ; col_Red[7]~reg0   ; CLK        ; CLK      ; None                        ; None                      ; 10.800 ns               ;
; N/A                                     ; 77.52 MHz ( period = 12.900 ns )                    ; cnt2[2]           ; col_Red[5]~reg0   ; CLK        ; CLK      ; None                        ; None                      ; 10.800 ns               ;
; N/A                                     ; 77.52 MHz ( period = 12.900 ns )                    ; cnt2[1]           ; col_Red[5]~reg0   ; CLK        ; CLK      ; None                        ; None                      ; 10.800 ns               ;
; N/A                                     ; 77.52 MHz ( period = 12.900 ns )                    ; cnt2[0]           ; col_Red[5]~reg0   ; CLK        ; CLK      ; None                        ; None                      ; 10.800 ns               ;
; N/A                                     ; 78.13 MHz ( period = 12.800 ns )                    ; cnt3[2]           ; row_Green[6]~reg0 ; CLK        ; CLK      ; None                        ; None                      ; 10.700 ns               ;
; N/A                                     ; 78.13 MHz ( period = 12.800 ns )                    ; cnt3[1]           ; row_Green[6]~reg0 ; CLK        ; CLK      ; None                        ; None                      ; 10.700 ns               ;
; N/A                                     ; 78.13 MHz ( period = 12.800 ns )                    ; cnt3[0]           ; row_Green[6]~reg0 ; CLK        ; CLK      ; None                        ; None                      ; 10.700 ns               ;
; N/A                                     ; 78.13 MHz ( period = 12.800 ns )                    ; cnt3[0]           ; row_Green[0]~reg0 ; CLK        ; CLK      ; None                        ; None                      ; 10.700 ns               ;
; N/A                                     ; 78.74 MHz ( period = 12.700 ns )                    ; cnt3[2]           ; row_Green[0]~reg0 ; CLK        ; CLK      ; None                        ; None                      ; 10.600 ns               ;
; N/A                                     ; 78.74 MHz ( period = 12.700 ns )                    ; cnt3[1]           ; row_Green[0]~reg0 ; CLK        ; CLK      ; None                        ; None                      ; 10.600 ns               ;
; N/A                                     ; 78.74 MHz ( period = 12.700 ns )                    ; cnt2[2]           ; col_Red[1]~reg0   ; CLK        ; CLK      ; None                        ; None                      ; 10.600 ns               ;
; N/A                                     ; 78.74 MHz ( period = 12.700 ns )                    ; cnt2[1]           ; col_Red[1]~reg0   ; CLK        ; CLK      ; None                        ; None                      ; 10.600 ns               ;
; N/A                                     ; 79.37 MHz ( period = 12.600 ns )                    ; cnt3[2]           ; col_Green[4]~reg0 ; CLK        ; CLK      ; None                        ; None                      ; 10.500 ns               ;
; N/A                                     ; 79.37 MHz ( period = 12.600 ns )                    ; cnt3[1]           ; col_Green[4]~reg0 ; CLK        ; CLK      ; None                        ; None                      ; 10.500 ns               ;
; N/A                                     ; 79.37 MHz ( period = 12.600 ns )                    ; cnt3[0]           ; col_Green[4]~reg0 ; CLK        ; CLK      ; None                        ; None                      ; 10.500 ns               ;
; N/A                                     ; 79.37 MHz ( period = 12.600 ns )                    ; cnt3[2]           ; col_Green[3]~reg0 ; CLK        ; CLK      ; None                        ; None                      ; 10.500 ns               ;
; N/A                                     ; 79.37 MHz ( period = 12.600 ns )                    ; cnt3[1]           ; col_Green[3]~reg0 ; CLK        ; CLK      ; None                        ; None                      ; 10.500 ns               ;
; N/A                                     ; 79.37 MHz ( period = 12.600 ns )                    ; cnt3[0]           ; col_Green[3]~reg0 ; CLK        ; CLK      ; None                        ; None                      ; 10.500 ns               ;
; N/A                                     ; 79.37 MHz ( period = 12.600 ns )                    ; cnt2[2]           ; row_Green[5]~reg0 ; CLK        ; CLK      ; None                        ; None                      ; 10.500 ns               ;
; N/A                                     ; 79.37 MHz ( period = 12.600 ns )                    ; cnt2[1]           ; row_Green[5]~reg0 ; CLK        ; CLK      ; None                        ; None                      ; 10.500 ns               ;
; N/A                                     ; 79.37 MHz ( period = 12.600 ns )                    ; cnt2[0]           ; row_Green[5]~reg0 ; CLK        ; CLK      ; None                        ; None                      ; 10.500 ns               ;
; N/A                                     ; 79.37 MHz ( period = 12.600 ns )                    ; cnt2[2]           ; col_Red[3]~reg0   ; CLK        ; CLK      ; None                        ; None                      ; 10.500 ns               ;
; N/A                                     ; 79.37 MHz ( period = 12.600 ns )                    ; cnt2[1]           ; col_Red[3]~reg0   ; CLK        ; CLK      ; None                        ; None                      ; 10.500 ns               ;
; N/A                                     ; 79.37 MHz ( period = 12.600 ns )                    ; cnt2[0]           ; col_Red[3]~reg0   ; CLK        ; CLK      ; None                        ; None                      ; 10.500 ns               ;
; N/A                                     ; 79.37 MHz ( period = 12.600 ns )                    ; cnt3[2]           ; col_Red[2]~reg0   ; CLK        ; CLK      ; None                        ; None                      ; 10.500 ns               ;
; N/A                                     ; 79.37 MHz ( period = 12.600 ns )                    ; cnt3[1]           ; col_Red[2]~reg0   ; CLK        ; CLK      ; None                        ; None                      ; 10.500 ns               ;
; N/A                                     ; 79.37 MHz ( period = 12.600 ns )                    ; cnt3[0]           ; col_Red[2]~reg0   ; CLK        ; CLK      ; None                        ; None                      ; 10.500 ns               ;
; N/A                                     ; 79.37 MHz ( period = 12.600 ns )                    ; cnt3[2]           ; col_Red[0]~reg0   ; CLK        ; CLK      ; None                        ; None                      ; 10.500 ns               ;
; N/A                                     ; 79.37 MHz ( period = 12.600 ns )                    ; cnt3[1]           ; col_Red[0]~reg0   ; CLK        ; CLK      ; None                        ; None                      ; 10.500 ns               ;
; N/A                                     ; 79.37 MHz ( period = 12.600 ns )                    ; cnt3[0]           ; col_Red[0]~reg0   ; CLK        ; CLK      ; None                        ; None                      ; 10.500 ns               ;
; N/A                                     ; 80.00 MHz ( period = 12.500 ns )                    ; cnt3[2]           ; col_Green[5]~reg0 ; CLK        ; CLK      ; None                        ; None                      ; 10.400 ns               ;
; N/A                                     ; 80.00 MHz ( period = 12.500 ns )                    ; cnt3[1]           ; col_Green[5]~reg0 ; CLK        ; CLK      ; None                        ; None                      ; 10.400 ns               ;
; N/A                                     ; 80.00 MHz ( period = 12.500 ns )                    ; cnt3[0]           ; col_Green[5]~reg0 ; CLK        ; CLK      ; None                        ; None                      ; 10.400 ns               ;
; N/A                                     ; 80.00 MHz ( period = 12.500 ns )                    ; cnt3[2]           ; col_Green[2]~reg0 ; CLK        ; CLK      ; None                        ; None                      ; 10.400 ns               ;
; N/A                                     ; 80.00 MHz ( period = 12.500 ns )                    ; cnt3[1]           ; col_Green[2]~reg0 ; CLK        ; CLK      ; None                        ; None                      ; 10.400 ns               ;
; N/A                                     ; 80.00 MHz ( period = 12.500 ns )                    ; cnt3[0]           ; col_Green[2]~reg0 ; CLK        ; CLK      ; None                        ; None                      ; 10.400 ns               ;
; N/A                                     ; 80.00 MHz ( period = 12.500 ns )                    ; cnt3[2]           ; col_Red[4]~reg0   ; CLK        ; CLK      ; None                        ; None                      ; 10.400 ns               ;
; N/A                                     ; 80.00 MHz ( period = 12.500 ns )                    ; cnt3[1]           ; col_Red[4]~reg0   ; CLK        ; CLK      ; None                        ; None                      ; 10.400 ns               ;
; N/A                                     ; 80.00 MHz ( period = 12.500 ns )                    ; cnt3[0]           ; col_Red[4]~reg0   ; CLK        ; CLK      ; None                        ; None                      ; 10.400 ns               ;
; N/A                                     ; 80.65 MHz ( period = 12.400 ns )                    ; cnt3[2]           ; col_Red[6]~reg0   ; CLK        ; CLK      ; None                        ; None                      ; 10.300 ns               ;
; N/A                                     ; 80.65 MHz ( period = 12.400 ns )                    ; cnt3[1]           ; col_Red[6]~reg0   ; CLK        ; CLK      ; None                        ; None                      ; 10.300 ns               ;
; N/A                                     ; 81.30 MHz ( period = 12.300 ns )                    ; cnt2[2]           ; row_Green[1]~reg0 ; CLK        ; CLK      ; None                        ; None                      ; 10.200 ns               ;
; N/A                                     ; 81.30 MHz ( period = 12.300 ns )                    ; cnt2[1]           ; row_Green[1]~reg0 ; CLK        ; CLK      ; None                        ; None                      ; 10.200 ns               ;
; N/A                                     ; 81.30 MHz ( period = 12.300 ns )                    ; cnt2[0]           ; row_Green[1]~reg0 ; CLK        ; CLK      ; None                        ; None                      ; 10.200 ns               ;
; N/A                                     ; 81.97 MHz ( period = 12.200 ns )                    ; cnt4[2]           ; col_Green[4]~reg0 ; CLK        ; CLK      ; None                        ; None                      ; 10.100 ns               ;
; N/A                                     ; 81.97 MHz ( period = 12.200 ns )                    ; cnt4[2]           ; col_Green[3]~reg0 ; CLK        ; CLK      ; None                        ; None                      ; 10.100 ns               ;
; N/A                                     ; 81.97 MHz ( period = 12.200 ns )                    ; cnt4[2]           ; row_Green[3]~reg0 ; CLK        ; CLK      ; None                        ; None                      ; 10.100 ns               ;
; N/A                                     ; 81.97 MHz ( period = 12.200 ns )                    ; cnt4[2]           ; row_Green[2]~reg0 ; CLK        ; CLK      ; None                        ; None                      ; 10.100 ns               ;
; N/A                                     ; 82.64 MHz ( period = 12.100 ns )                    ; cnt4[2]           ; row_Green[7]~reg0 ; CLK        ; CLK      ; None                        ; None                      ; 10.000 ns               ;
; N/A                                     ; 82.64 MHz ( period = 12.100 ns )                    ; cnt4[2]           ; row_Green[6]~reg0 ; CLK        ; CLK      ; None                        ; None                      ; 10.000 ns               ;
; N/A                                     ; 82.64 MHz ( period = 12.100 ns )                    ; cnt4[2]           ; row_Green[1]~reg0 ; CLK        ; CLK      ; None                        ; None                      ; 10.000 ns               ;
; N/A                                     ; 83.33 MHz ( period = 12.000 ns )                    ; cnt2[2]           ; col_Green[4]~reg0 ; CLK        ; CLK      ; None                        ; None                      ; 9.900 ns                ;
; N/A                                     ; 83.33 MHz ( period = 12.000 ns )                    ; cnt2[1]           ; col_Green[4]~reg0 ; CLK        ; CLK      ; None                        ; None                      ; 9.900 ns                ;
; N/A                                     ; 83.33 MHz ( period = 12.000 ns )                    ; cnt4[1]           ; col_Green[4]~reg0 ; CLK        ; CLK      ; None                        ; None                      ; 9.900 ns                ;
; N/A                                     ; 83.33 MHz ( period = 12.000 ns )                    ; cnt2[2]           ; col_Green[3]~reg0 ; CLK        ; CLK      ; None                        ; None                      ; 9.900 ns                ;
; N/A                                     ; 83.33 MHz ( period = 12.000 ns )                    ; cnt2[1]           ; col_Green[3]~reg0 ; CLK        ; CLK      ; None                        ; None                      ; 9.900 ns                ;
; N/A                                     ; 83.33 MHz ( period = 12.000 ns )                    ; cnt4[1]           ; col_Green[3]~reg0 ; CLK        ; CLK      ; None                        ; None                      ; 9.900 ns                ;
; N/A                                     ; 83.33 MHz ( period = 12.000 ns )                    ; cnt4[0]           ; row_Green[3]~reg0 ; CLK        ; CLK      ; None                        ; None                      ; 9.900 ns                ;
; N/A                                     ; 83.33 MHz ( period = 12.000 ns )                    ; cnt4[1]           ; row_Green[3]~reg0 ; CLK        ; CLK      ; None                        ; None                      ; 9.900 ns                ;
; N/A                                     ; 83.33 MHz ( period = 12.000 ns )                    ; cnt4[0]           ; row_Green[2]~reg0 ; CLK        ; CLK      ; None                        ; None                      ; 9.900 ns                ;
; N/A                                     ; 83.33 MHz ( period = 12.000 ns )                    ; cnt4[1]           ; row_Green[2]~reg0 ; CLK        ; CLK      ; None                        ; None                      ; 9.900 ns                ;
; N/A                                     ; 84.03 MHz ( period = 11.900 ns )                    ; cnt4[0]           ; row_Green[7]~reg0 ; CLK        ; CLK      ; None                        ; None                      ; 9.800 ns                ;
; N/A                                     ; 84.03 MHz ( period = 11.900 ns )                    ; cnt4[1]           ; row_Green[7]~reg0 ; CLK        ; CLK      ; None                        ; None                      ; 9.800 ns                ;
; N/A                                     ; 84.03 MHz ( period = 11.900 ns )                    ; cnt4[0]           ; row_Green[6]~reg0 ; CLK        ; CLK      ; None                        ; None                      ; 9.800 ns                ;
; N/A                                     ; 84.03 MHz ( period = 11.900 ns )                    ; cnt4[1]           ; row_Green[6]~reg0 ; CLK        ; CLK      ; None                        ; None                      ; 9.800 ns                ;
; N/A                                     ; 84.03 MHz ( period = 11.900 ns )                    ; cnt4[0]           ; row_Green[1]~reg0 ; CLK        ; CLK      ; None                        ; None                      ; 9.800 ns                ;
; N/A                                     ; 84.03 MHz ( period = 11.900 ns )                    ; cnt4[1]           ; row_Green[1]~reg0 ; CLK        ; CLK      ; None                        ; None                      ; 9.800 ns                ;
; N/A                                     ; 84.75 MHz ( period = 11.800 ns )                    ; cnt3[2]           ; row_Green[3]~reg0 ; CLK        ; CLK      ; None                        ; None                      ; 9.700 ns                ;
; N/A                                     ; 84.75 MHz ( period = 11.800 ns )                    ; cnt3[1]           ; row_Green[3]~reg0 ; CLK        ; CLK      ; None                        ; None                      ; 9.700 ns                ;
; N/A                                     ; 84.75 MHz ( period = 11.800 ns )                    ; cnt3[0]           ; row_Green[3]~reg0 ; CLK        ; CLK      ; None                        ; None                      ; 9.700 ns                ;
; N/A                                     ; 86.21 MHz ( period = 11.600 ns )                    ; row_Green[4]~reg0 ; row_Green[4]~reg0 ; CLK        ; CLK      ; None                        ; None                      ; 9.500 ns                ;
; N/A                                     ; 87.72 MHz ( period = 11.400 ns )                    ; cnt2[2]           ; row_Green[6]~reg0 ; CLK        ; CLK      ; None                        ; None                      ; 9.300 ns                ;
; N/A                                     ; 87.72 MHz ( period = 11.400 ns )                    ; cnt2[1]           ; row_Green[6]~reg0 ; CLK        ; CLK      ; None                        ; None                      ; 9.300 ns                ;
; N/A                                     ; 87.72 MHz ( period = 11.400 ns )                    ; cnt2[0]           ; row_Green[6]~reg0 ; CLK        ; CLK      ; None                        ; None                      ; 9.300 ns                ;
; N/A                                     ; 87.72 MHz ( period = 11.400 ns )                    ; cnt2[2]           ; row_Green[0]~reg0 ; CLK        ; CLK      ; None                        ; None                      ; 9.300 ns                ;
; N/A                                     ; 87.72 MHz ( period = 11.400 ns )                    ; cnt2[1]           ; row_Green[0]~reg0 ; CLK        ; CLK      ; None                        ; None                      ; 9.300 ns                ;
; N/A                                     ; 87.72 MHz ( period = 11.400 ns )                    ; cnt2[0]           ; row_Green[0]~reg0 ; CLK        ; CLK      ; None                        ; None                      ; 9.300 ns                ;
; N/A                                     ; 94.34 MHz ( period = 10.600 ns )                    ; cnt2[2]           ; row_Green[2]~reg0 ; CLK        ; CLK      ; None                        ; None                      ; 8.500 ns                ;
; N/A                                     ; 94.34 MHz ( period = 10.600 ns )                    ; cnt2[1]           ; row_Green[2]~reg0 ; CLK        ; CLK      ; None                        ; None                      ; 8.500 ns                ;
; N/A                                     ; 94.34 MHz ( period = 10.600 ns )                    ; cnt2[0]           ; row_Green[2]~reg0 ; CLK        ; CLK      ; None                        ; None                      ; 8.500 ns                ;
; N/A                                     ; 95.24 MHz ( period = 10.500 ns )                    ; cnt2[2]           ; row_Green[4]~reg0 ; CLK        ; CLK      ; None                        ; None                      ; 8.400 ns                ;
; N/A                                     ; 95.24 MHz ( period = 10.500 ns )                    ; cnt2[1]           ; row_Green[4]~reg0 ; CLK        ; CLK      ; None                        ; None                      ; 8.400 ns                ;
; N/A                                     ; 95.24 MHz ( period = 10.500 ns )                    ; cnt2[0]           ; row_Green[4]~reg0 ; CLK        ; CLK      ; None                        ; None                      ; 8.400 ns                ;
; N/A                                     ; 95.24 MHz ( period = 10.500 ns )                    ; cnt2[2]           ; col_Red[2]~reg0   ; CLK        ; CLK      ; None                        ; None                      ; 8.400 ns                ;
; N/A                                     ; 95.24 MHz ( period = 10.500 ns )                    ; cnt2[1]           ; col_Red[2]~reg0   ; CLK        ; CLK      ; None                        ; None                      ; 8.400 ns                ;
; N/A                                     ; 95.24 MHz ( period = 10.500 ns )                    ; cnt2[0]           ; col_Red[2]~reg0   ; CLK        ; CLK      ; None                        ; None                      ; 8.400 ns                ;
; N/A                                     ; 95.24 MHz ( period = 10.500 ns )                    ; cnt2[2]           ; col_Red[0]~reg0   ; CLK        ; CLK      ; None                        ; None                      ; 8.400 ns                ;
; N/A                                     ; 95.24 MHz ( period = 10.500 ns )                    ; cnt2[1]           ; col_Red[0]~reg0   ; CLK        ; CLK      ; None                        ; None                      ; 8.400 ns                ;
; N/A                                     ; 95.24 MHz ( period = 10.500 ns )                    ; cnt2[0]           ; col_Red[0]~reg0   ; CLK        ; CLK      ; None                        ; None                      ; 8.400 ns                ;
; N/A                                     ; 96.15 MHz ( period = 10.400 ns )                    ; cnt3[2]           ; row_Green[7]~reg0 ; CLK        ; CLK      ; None                        ; None                      ; 8.300 ns                ;
; N/A                                     ; 96.15 MHz ( period = 10.400 ns )                    ; cnt3[1]           ; row_Green[7]~reg0 ; CLK        ; CLK      ; None                        ; None                      ; 8.300 ns                ;
; N/A                                     ; 96.15 MHz ( period = 10.400 ns )                    ; cnt3[0]           ; row_Green[7]~reg0 ; CLK        ; CLK      ; None                        ; None                      ; 8.300 ns                ;
; N/A                                     ; 96.15 MHz ( period = 10.400 ns )                    ; cnt4[0]           ; row_Green[4]~reg0 ; CLK        ; CLK      ; None                        ; None                      ; 8.300 ns                ;
; N/A                                     ; 96.15 MHz ( period = 10.400 ns )                    ; cnt4[2]           ; row_Green[4]~reg0 ; CLK        ; CLK      ; None                        ; None                      ; 8.300 ns                ;
; N/A                                     ; 96.15 MHz ( period = 10.400 ns )                    ; cnt4[1]           ; row_Green[4]~reg0 ; CLK        ; CLK      ; None                        ; None                      ; 8.300 ns                ;
; N/A                                     ; 96.15 MHz ( period = 10.400 ns )                    ; cnt3[0]           ; row_Green[1]~reg0 ; CLK        ; CLK      ; None                        ; None                      ; 8.300 ns                ;
; N/A                                     ; 96.15 MHz ( period = 10.400 ns )                    ; cnt4[0]           ; col_Red[7]~reg0   ; CLK        ; CLK      ; None                        ; None                      ; 8.300 ns                ;
; N/A                                     ; 96.15 MHz ( period = 10.400 ns )                    ; cnt4[2]           ; col_Red[7]~reg0   ; CLK        ; CLK      ; None                        ; None                      ; 8.300 ns                ;
; N/A                                     ; 96.15 MHz ( period = 10.400 ns )                    ; cnt4[1]           ; col_Red[7]~reg0   ; CLK        ; CLK      ; None                        ; None                      ; 8.300 ns                ;
; N/A                                     ; 96.15 MHz ( period = 10.400 ns )                    ; cnt4[0]           ; col_Red[5]~reg0   ; CLK        ; CLK      ; None                        ; None                      ; 8.300 ns                ;
; N/A                                     ; 96.15 MHz ( period = 10.400 ns )                    ; cnt4[2]           ; col_Red[5]~reg0   ; CLK        ; CLK      ; None                        ; None                      ; 8.300 ns                ;
; N/A                                     ; 96.15 MHz ( period = 10.400 ns )                    ; cnt4[1]           ; col_Red[5]~reg0   ; CLK        ; CLK      ; None                        ; None                      ; 8.300 ns                ;
; N/A                                     ; 96.15 MHz ( period = 10.400 ns )                    ; cnt4[2]           ; col_Red[4]~reg0   ; CLK        ; CLK      ; None                        ; None                      ; 8.300 ns                ;
; N/A                                     ; 96.15 MHz ( period = 10.400 ns )                    ; cnt4[2]           ; col_Red[3]~reg0   ; CLK        ; CLK      ; None                        ; None                      ; 8.300 ns                ;
; N/A                                     ; 96.15 MHz ( period = 10.400 ns )                    ; cnt4[0]           ; col_Red[2]~reg0   ; CLK        ; CLK      ; None                        ; None                      ; 8.300 ns                ;
; N/A                                     ; 96.15 MHz ( period = 10.400 ns )                    ; cnt4[2]           ; col_Red[2]~reg0   ; CLK        ; CLK      ; None                        ; None                      ; 8.300 ns                ;
; N/A                                     ; 96.15 MHz ( period = 10.400 ns )                    ; cnt4[1]           ; col_Red[2]~reg0   ; CLK        ; CLK      ; None                        ; None                      ; 8.300 ns                ;
; N/A                                     ; 96.15 MHz ( period = 10.400 ns )                    ; cnt4[0]           ; col_Red[0]~reg0   ; CLK        ; CLK      ; None                        ; None                      ; 8.300 ns                ;
; N/A                                     ; 96.15 MHz ( period = 10.400 ns )                    ; cnt4[2]           ; col_Red[0]~reg0   ; CLK        ; CLK      ; None                        ; None                      ; 8.300 ns                ;
; N/A                                     ; 96.15 MHz ( period = 10.400 ns )                    ; cnt4[1]           ; col_Red[0]~reg0   ; CLK        ; CLK      ; None                        ; None                      ; 8.300 ns                ;
; N/A                                     ; 97.09 MHz ( period = 10.300 ns )                    ; cnt2[2]           ; col_Green[5]~reg0 ; CLK        ; CLK      ; None                        ; None                      ; 8.200 ns                ;
; N/A                                     ; 97.09 MHz ( period = 10.300 ns )                    ; cnt2[1]           ; col_Green[5]~reg0 ; CLK        ; CLK      ; None                        ; None                      ; 8.200 ns                ;
; N/A                                     ; 97.09 MHz ( period = 10.300 ns )                    ; cnt2[0]           ; col_Green[5]~reg0 ; CLK        ; CLK      ; None                        ; None                      ; 8.200 ns                ;
; N/A                                     ; 97.09 MHz ( period = 10.300 ns )                    ; cnt2[2]           ; col_Green[2]~reg0 ; CLK        ; CLK      ; None                        ; None                      ; 8.200 ns                ;
; N/A                                     ; 97.09 MHz ( period = 10.300 ns )                    ; cnt2[1]           ; col_Green[2]~reg0 ; CLK        ; CLK      ; None                        ; None                      ; 8.200 ns                ;
; N/A                                     ; 97.09 MHz ( period = 10.300 ns )                    ; cnt2[0]           ; col_Green[2]~reg0 ; CLK        ; CLK      ; None                        ; None                      ; 8.200 ns                ;
; N/A                                     ; 97.09 MHz ( period = 10.300 ns )                    ; cnt3[2]           ; row_Green[1]~reg0 ; CLK        ; CLK      ; None                        ; None                      ; 8.200 ns                ;
; N/A                                     ; 97.09 MHz ( period = 10.300 ns )                    ; cnt3[1]           ; row_Green[1]~reg0 ; CLK        ; CLK      ; None                        ; None                      ; 8.200 ns                ;
; N/A                                     ; 97.09 MHz ( period = 10.300 ns )                    ; cnt2[2]           ; col_Red[6]~reg0   ; CLK        ; CLK      ; None                        ; None                      ; 8.200 ns                ;
; N/A                                     ; 97.09 MHz ( period = 10.300 ns )                    ; cnt2[1]           ; col_Red[6]~reg0   ; CLK        ; CLK      ; None                        ; None                      ; 8.200 ns                ;
; N/A                                     ; 98.04 MHz ( period = 10.200 ns )                    ; cnt4[0]           ; col_Green[5]~reg0 ; CLK        ; CLK      ; None                        ; None                      ; 8.100 ns                ;
; N/A                                     ; 98.04 MHz ( period = 10.200 ns )                    ; cnt4[2]           ; col_Green[5]~reg0 ; CLK        ; CLK      ; None                        ; None                      ; 8.100 ns                ;
; N/A                                     ; 98.04 MHz ( period = 10.200 ns )                    ; cnt4[1]           ; col_Green[5]~reg0 ; CLK        ; CLK      ; None                        ; None                      ; 8.100 ns                ;
; N/A                                     ; 98.04 MHz ( period = 10.200 ns )                    ; cnt4[0]           ; col_Green[2]~reg0 ; CLK        ; CLK      ; None                        ; None                      ; 8.100 ns                ;
; N/A                                     ; 98.04 MHz ( period = 10.200 ns )                    ; cnt4[2]           ; col_Green[2]~reg0 ; CLK        ; CLK      ; None                        ; None                      ; 8.100 ns                ;
; N/A                                     ; 98.04 MHz ( period = 10.200 ns )                    ; cnt4[1]           ; col_Green[2]~reg0 ; CLK        ; CLK      ; None                        ; None                      ; 8.100 ns                ;
; N/A                                     ; 98.04 MHz ( period = 10.200 ns )                    ; cnt4[0]           ; row_Green[0]~reg0 ; CLK        ; CLK      ; None                        ; None                      ; 8.100 ns                ;
; N/A                                     ; 98.04 MHz ( period = 10.200 ns )                    ; cnt4[2]           ; row_Green[0]~reg0 ; CLK        ; CLK      ; None                        ; None                      ; 8.100 ns                ;
; N/A                                     ; 98.04 MHz ( period = 10.200 ns )                    ; cnt4[1]           ; row_Green[0]~reg0 ; CLK        ; CLK      ; None                        ; None                      ; 8.100 ns                ;
; N/A                                     ; 98.04 MHz ( period = 10.200 ns )                    ; cnt3[2]           ; col_Red[7]~reg0   ; CLK        ; CLK      ; None                        ; None                      ; 8.100 ns                ;
; N/A                                     ; 98.04 MHz ( period = 10.200 ns )                    ; cnt3[1]           ; col_Red[7]~reg0   ; CLK        ; CLK      ; None                        ; None                      ; 8.100 ns                ;
; N/A                                     ; 98.04 MHz ( period = 10.200 ns )                    ; cnt3[0]           ; col_Red[7]~reg0   ; CLK        ; CLK      ; None                        ; None                      ; 8.100 ns                ;
; N/A                                     ; 98.04 MHz ( period = 10.200 ns )                    ; cnt4[2]           ; col_Red[6]~reg0   ; CLK        ; CLK      ; None                        ; None                      ; 8.100 ns                ;
; N/A                                     ; 98.04 MHz ( period = 10.200 ns )                    ; cnt4[1]           ; col_Red[6]~reg0   ; CLK        ; CLK      ; None                        ; None                      ; 8.100 ns                ;
; N/A                                     ; 98.04 MHz ( period = 10.200 ns )                    ; cnt3[2]           ; col_Red[5]~reg0   ; CLK        ; CLK      ; None                        ; None                      ; 8.100 ns                ;
; N/A                                     ; 98.04 MHz ( period = 10.200 ns )                    ; cnt3[1]           ; col_Red[5]~reg0   ; CLK        ; CLK      ; None                        ; None                      ; 8.100 ns                ;
; N/A                                     ; 98.04 MHz ( period = 10.200 ns )                    ; cnt3[0]           ; col_Red[5]~reg0   ; CLK        ; CLK      ; None                        ; None                      ; 8.100 ns                ;
; N/A                                     ; 98.04 MHz ( period = 10.200 ns )                    ; cnt2[2]           ; col_Red[4]~reg0   ; CLK        ; CLK      ; None                        ; None                      ; 8.100 ns                ;
; N/A                                     ; 98.04 MHz ( period = 10.200 ns )                    ; cnt2[1]           ; col_Red[4]~reg0   ; CLK        ; CLK      ; None                        ; None                      ; 8.100 ns                ;
; N/A                                     ; 98.04 MHz ( period = 10.200 ns )                    ; cnt2[0]           ; col_Red[4]~reg0   ; CLK        ; CLK      ; None                        ; None                      ; 8.100 ns                ;
; N/A                                     ; 98.04 MHz ( period = 10.200 ns )                    ; cnt4[2]           ; col_Red[1]~reg0   ; CLK        ; CLK      ; None                        ; None                      ; 8.100 ns                ;
; N/A                                     ; 98.04 MHz ( period = 10.200 ns )                    ; cnt4[1]           ; col_Red[1]~reg0   ; CLK        ; CLK      ; None                        ; None                      ; 8.100 ns                ;
; N/A                                     ; 99.01 MHz ( period = 10.100 ns )                    ; cnt3[2]           ; row_Green[5]~reg0 ; CLK        ; CLK      ; None                        ; None                      ; 8.000 ns                ;
; N/A                                     ; 99.01 MHz ( period = 10.100 ns )                    ; cnt3[1]           ; row_Green[5]~reg0 ; CLK        ; CLK      ; None                        ; None                      ; 8.000 ns                ;
; N/A                                     ; 99.01 MHz ( period = 10.100 ns )                    ; cnt3[0]           ; row_Green[5]~reg0 ; CLK        ; CLK      ; None                        ; None                      ; 8.000 ns                ;
; N/A                                     ; 99.01 MHz ( period = 10.100 ns )                    ; cnt4[0]           ; row_Green[5]~reg0 ; CLK        ; CLK      ; None                        ; None                      ; 8.000 ns                ;
; N/A                                     ; 99.01 MHz ( period = 10.100 ns )                    ; cnt4[2]           ; row_Green[5]~reg0 ; CLK        ; CLK      ; None                        ; None                      ; 8.000 ns                ;
; N/A                                     ; 99.01 MHz ( period = 10.100 ns )                    ; cnt4[1]           ; row_Green[5]~reg0 ; CLK        ; CLK      ; None                        ; None                      ; 8.000 ns                ;
; N/A                                     ; 99.01 MHz ( period = 10.100 ns )                    ; cnt4[0]           ; col_Red[4]~reg0   ; CLK        ; CLK      ; None                        ; None                      ; 8.000 ns                ;
; N/A                                     ; 99.01 MHz ( period = 10.100 ns )                    ; cnt4[1]           ; col_Red[4]~reg0   ; CLK        ; CLK      ; None                        ; None                      ; 8.000 ns                ;
; N/A                                     ; 99.01 MHz ( period = 10.100 ns )                    ; cnt3[2]           ; col_Red[3]~reg0   ; CLK        ; CLK      ; None                        ; None                      ; 8.000 ns                ;
; N/A                                     ; 99.01 MHz ( period = 10.100 ns )                    ; cnt3[1]           ; col_Red[3]~reg0   ; CLK        ; CLK      ; None                        ; None                      ; 8.000 ns                ;
; N/A                                     ; 99.01 MHz ( period = 10.100 ns )                    ; cnt3[0]           ; col_Red[3]~reg0   ; CLK        ; CLK      ; None                        ; None                      ; 8.000 ns                ;
; N/A                                     ; 99.01 MHz ( period = 10.100 ns )                    ; cnt4[0]           ; col_Red[3]~reg0   ; CLK        ; CLK      ; None                        ; None                      ; 8.000 ns                ;
; N/A                                     ; 99.01 MHz ( period = 10.100 ns )                    ; cnt4[1]           ; col_Red[3]~reg0   ; CLK        ; CLK      ; None                        ; None                      ; 8.000 ns                ;
; N/A                                     ; 100.00 MHz ( period = 10.000 ns )                   ; cnt3[2]           ; col_Red[1]~reg0   ; CLK        ; CLK      ; None                        ; None                      ; 7.900 ns                ;
; N/A                                     ; 100.00 MHz ( period = 10.000 ns )                   ; cnt3[1]           ; col_Red[1]~reg0   ; CLK        ; CLK      ; None                        ; None                      ; 7.900 ns                ;
; N/A                                     ; 101.01 MHz ( period = 9.900 ns )                    ; cnt1[1]           ; row_Green[1]~reg0 ; CLK        ; CLK      ; None                        ; None                      ; 7.800 ns                ;
; N/A                                     ; 101.01 MHz ( period = 9.900 ns )                    ; cnt1[2]           ; row_Green[1]~reg0 ; CLK        ; CLK      ; None                        ; None                      ; 7.800 ns                ;
; N/A                                     ; 101.01 MHz ( period = 9.900 ns )                    ; cnt1[1]           ; row_Green[0]~reg0 ; CLK        ; CLK      ; None                        ; None                      ; 7.800 ns                ;
; N/A                                     ; 101.01 MHz ( period = 9.900 ns )                    ; cnt1[2]           ; row_Green[0]~reg0 ; CLK        ; CLK      ; None                        ; None                      ; 7.800 ns                ;
; N/A                                     ; 102.04 MHz ( period = 9.800 ns )                    ; cnt1[1]           ; col_Green[5]~reg0 ; CLK        ; CLK      ; None                        ; None                      ; 7.700 ns                ;
; N/A                                     ; 102.04 MHz ( period = 9.800 ns )                    ; cnt1[2]           ; col_Green[5]~reg0 ; CLK        ; CLK      ; None                        ; None                      ; 7.700 ns                ;
; N/A                                     ; 102.04 MHz ( period = 9.800 ns )                    ; cnt1[1]           ; col_Green[2]~reg0 ; CLK        ; CLK      ; None                        ; None                      ; 7.700 ns                ;
; N/A                                     ; 102.04 MHz ( period = 9.800 ns )                    ; cnt1[2]           ; col_Green[2]~reg0 ; CLK        ; CLK      ; None                        ; None                      ; 7.700 ns                ;
; N/A                                     ; 103.09 MHz ( period = 9.700 ns )                    ; cnt3[0]           ; cnt3[2]           ; CLK        ; CLK      ; None                        ; None                      ; 7.600 ns                ;
; N/A                                     ; 107.53 MHz ( period = 9.300 ns )                    ; cnt2[0]           ; cnt2[2]           ; CLK        ; CLK      ; None                        ; None                      ; 7.200 ns                ;
; N/A                                     ; 107.53 MHz ( period = 9.300 ns )                    ; cnt2[0]           ; cnt2[1]           ; CLK        ; CLK      ; None                        ; None                      ; 7.200 ns                ;
; N/A                                     ; 116.28 MHz ( period = 8.600 ns )                    ; col_Green[5]~reg0 ; col_Green[5]~reg0 ; CLK        ; CLK      ; None                        ; None                      ; 6.500 ns                ;
; N/A                                     ; 116.28 MHz ( period = 8.600 ns )                    ; col_Green[4]~reg0 ; col_Green[4]~reg0 ; CLK        ; CLK      ; None                        ; None                      ; 6.500 ns                ;
; N/A                                     ; 116.28 MHz ( period = 8.600 ns )                    ; col_Green[3]~reg0 ; col_Green[3]~reg0 ; CLK        ; CLK      ; None                        ; None                      ; 6.500 ns                ;
; N/A                                     ; 116.28 MHz ( period = 8.600 ns )                    ; col_Green[2]~reg0 ; col_Green[2]~reg0 ; CLK        ; CLK      ; None                        ; None                      ; 6.500 ns                ;
; N/A                                     ; 116.28 MHz ( period = 8.600 ns )                    ; row_Green[7]~reg0 ; row_Green[7]~reg0 ; CLK        ; CLK      ; None                        ; None                      ; 6.500 ns                ;
; N/A                                     ; 116.28 MHz ( period = 8.600 ns )                    ; row_Green[6]~reg0 ; row_Green[6]~reg0 ; CLK        ; CLK      ; None                        ; None                      ; 6.500 ns                ;
; N/A                                     ; 116.28 MHz ( period = 8.600 ns )                    ; row_Green[5]~reg0 ; row_Green[5]~reg0 ; CLK        ; CLK      ; None                        ; None                      ; 6.500 ns                ;
; N/A                                     ; 116.28 MHz ( period = 8.600 ns )                    ; row_Green[3]~reg0 ; row_Green[3]~reg0 ; CLK        ; CLK      ; None                        ; None                      ; 6.500 ns                ;
; N/A                                     ; 116.28 MHz ( period = 8.600 ns )                    ; row_Green[2]~reg0 ; row_Green[2]~reg0 ; CLK        ; CLK      ; None                        ; None                      ; 6.500 ns                ;
; N/A                                     ; 116.28 MHz ( period = 8.600 ns )                    ; row_Green[1]~reg0 ; row_Green[1]~reg0 ; CLK        ; CLK      ; None                        ; None                      ; 6.500 ns                ;
; N/A                                     ; 116.28 MHz ( period = 8.600 ns )                    ; row_Green[0]~reg0 ; row_Green[0]~reg0 ; CLK        ; CLK      ; None                        ; None                      ; 6.500 ns                ;
; N/A                                     ; 116.28 MHz ( period = 8.600 ns )                    ; col_Red[7]~reg0   ; col_Red[7]~reg0   ; CLK        ; CLK      ; None                        ; None                      ; 6.500 ns                ;
; N/A                                     ; 116.28 MHz ( period = 8.600 ns )                    ; col_Red[6]~reg0   ; col_Red[6]~reg0   ; CLK        ; CLK      ; None                        ; None                      ; 6.500 ns                ;
; N/A                                     ; 116.28 MHz ( period = 8.600 ns )                    ; col_Red[5]~reg0   ; col_Red[5]~reg0   ; CLK        ; CLK      ; None                        ; None                      ; 6.500 ns                ;
; N/A                                     ; 116.28 MHz ( period = 8.600 ns )                    ; col_Red[4]~reg0   ; col_Red[4]~reg0   ; CLK        ; CLK      ; None                        ; None                      ; 6.500 ns                ;
; N/A                                     ; 116.28 MHz ( period = 8.600 ns )                    ; col_Red[3]~reg0   ; col_Red[3]~reg0   ; CLK        ; CLK      ; None                        ; None                      ; 6.500 ns                ;
; N/A                                     ; 116.28 MHz ( period = 8.600 ns )                    ; col_Red[2]~reg0   ; col_Red[2]~reg0   ; CLK        ; CLK      ; None                        ; None                      ; 6.500 ns                ;
; N/A                                     ; 116.28 MHz ( period = 8.600 ns )                    ; col_Red[1]~reg0   ; col_Red[1]~reg0   ; CLK        ; CLK      ; None                        ; None                      ; 6.500 ns                ;
; Timing analysis restricted to 200 rows. ; To change the limit use Settings (Assignments menu) ;                   ;                   ;            ;          ;                             ;                           ;                         ;
+-----------------------------------------+-----------------------------------------------------+-------------------+-------------------+------------+----------+-----------------------------+---------------------------+-------------------------+


+-------------------------------------------------------------------------+
; tsu                                                                     ;
+-------+--------------+------------+------+-------------------+----------+
; Slack ; Required tsu ; Actual tsu ; From ; To                ; To Clock ;
+-------+--------------+------------+------+-------------------+----------+
; N/A   ; None         ; 14.000 ns  ; x[0] ; cnt1[0]           ; CLK      ;
; N/A   ; None         ; 14.000 ns  ; x[0] ; cnt1[1]           ; CLK      ;
; N/A   ; None         ; 14.000 ns  ; x[0] ; cnt1[2]           ; CLK      ;
; N/A   ; None         ; 14.000 ns  ; x[1] ; cnt1[0]           ; CLK      ;
; N/A   ; None         ; 14.000 ns  ; x[1] ; cnt1[1]           ; CLK      ;
; N/A   ; None         ; 14.000 ns  ; x[1] ; cnt1[2]           ; CLK      ;
; N/A   ; None         ; 13.900 ns  ; x[0] ; col_Green[4]~reg0 ; CLK      ;
; N/A   ; None         ; 13.900 ns  ; x[0] ; col_Green[3]~reg0 ; CLK      ;
; N/A   ; None         ; 13.900 ns  ; x[1] ; col_Green[4]~reg0 ; CLK      ;
; N/A   ; None         ; 13.900 ns  ; x[1] ; col_Green[3]~reg0 ; CLK      ;
; N/A   ; None         ; 13.800 ns  ; x[0] ; row_Green[4]~reg0 ; CLK      ;
; N/A   ; None         ; 13.800 ns  ; x[0] ; col_Red[7]~reg0   ; CLK      ;
; N/A   ; None         ; 13.800 ns  ; x[0] ; col_Red[0]~reg0   ; CLK      ;
; N/A   ; None         ; 13.800 ns  ; x[1] ; row_Green[4]~reg0 ; CLK      ;
; N/A   ; None         ; 13.800 ns  ; x[1] ; col_Red[7]~reg0   ; CLK      ;
; N/A   ; None         ; 13.800 ns  ; x[1] ; col_Red[0]~reg0   ; CLK      ;
; N/A   ; None         ; 13.600 ns  ; x[0] ; col_Red[4]~reg0   ; CLK      ;
; N/A   ; None         ; 13.600 ns  ; x[0] ; col_Red[3]~reg0   ; CLK      ;
; N/A   ; None         ; 13.600 ns  ; x[1] ; col_Red[4]~reg0   ; CLK      ;
; N/A   ; None         ; 13.600 ns  ; x[1] ; col_Red[3]~reg0   ; CLK      ;
; N/A   ; None         ; 13.500 ns  ; x[0] ; row_Green[5]~reg0 ; CLK      ;
; N/A   ; None         ; 13.500 ns  ; x[1] ; row_Green[5]~reg0 ; CLK      ;
; N/A   ; None         ; 10.100 ns  ; x[0] ; cnt2[2]           ; CLK      ;
; N/A   ; None         ; 10.100 ns  ; x[0] ; cnt2[1]           ; CLK      ;
; N/A   ; None         ; 10.100 ns  ; x[0] ; cnt2[0]           ; CLK      ;
; N/A   ; None         ; 10.100 ns  ; x[1] ; cnt2[2]           ; CLK      ;
; N/A   ; None         ; 10.100 ns  ; x[1] ; cnt2[1]           ; CLK      ;
; N/A   ; None         ; 10.100 ns  ; x[1] ; cnt2[0]           ; CLK      ;
; N/A   ; None         ; 9.700 ns   ; x[0] ; row_Green[7]~reg0 ; CLK      ;
; N/A   ; None         ; 9.700 ns   ; x[0] ; row_Green[1]~reg0 ; CLK      ;
; N/A   ; None         ; 9.700 ns   ; x[1] ; row_Green[7]~reg0 ; CLK      ;
; N/A   ; None         ; 9.700 ns   ; x[1] ; row_Green[1]~reg0 ; CLK      ;
; N/A   ; None         ; 9.600 ns   ; x[0] ; row_Green[6]~reg0 ; CLK      ;
; N/A   ; None         ; 9.600 ns   ; x[0] ; row_Green[0]~reg0 ; CLK      ;
; N/A   ; None         ; 9.600 ns   ; x[1] ; row_Green[6]~reg0 ; CLK      ;
; N/A   ; None         ; 9.600 ns   ; x[1] ; row_Green[0]~reg0 ; CLK      ;
; N/A   ; None         ; 9.500 ns   ; x[0] ; col_Red[5]~reg0   ; CLK      ;
; N/A   ; None         ; 9.500 ns   ; x[0] ; col_Red[2]~reg0   ; CLK      ;
; N/A   ; None         ; 9.500 ns   ; x[1] ; col_Red[5]~reg0   ; CLK      ;
; N/A   ; None         ; 9.500 ns   ; x[1] ; col_Red[2]~reg0   ; CLK      ;
; N/A   ; None         ; 9.400 ns   ; x[0] ; row_Green[3]~reg0 ; CLK      ;
; N/A   ; None         ; 9.400 ns   ; x[0] ; row_Green[2]~reg0 ; CLK      ;
; N/A   ; None         ; 9.400 ns   ; x[1] ; row_Green[3]~reg0 ; CLK      ;
; N/A   ; None         ; 9.400 ns   ; x[1] ; row_Green[2]~reg0 ; CLK      ;
; N/A   ; None         ; 9.300 ns   ; x[0] ; col_Green[5]~reg0 ; CLK      ;
; N/A   ; None         ; 9.300 ns   ; x[0] ; col_Green[2]~reg0 ; CLK      ;
; N/A   ; None         ; 9.300 ns   ; x[0] ; col_Red[6]~reg0   ; CLK      ;
; N/A   ; None         ; 9.300 ns   ; x[0] ; col_Red[1]~reg0   ; CLK      ;
; N/A   ; None         ; 9.300 ns   ; x[1] ; col_Green[5]~reg0 ; CLK      ;
; N/A   ; None         ; 9.300 ns   ; x[1] ; col_Green[2]~reg0 ; CLK      ;
; N/A   ; None         ; 9.300 ns   ; x[1] ; col_Red[6]~reg0   ; CLK      ;
; N/A   ; None         ; 9.300 ns   ; x[1] ; col_Red[1]~reg0   ; CLK      ;
; N/A   ; None         ; 8.800 ns   ; x[0] ; cnt4[0]           ; CLK      ;
; N/A   ; None         ; 8.800 ns   ; x[0] ; cnt4[2]           ; CLK      ;
; N/A   ; None         ; 8.800 ns   ; x[0] ; cnt4[1]           ; CLK      ;
; N/A   ; None         ; 8.800 ns   ; x[1] ; cnt4[0]           ; CLK      ;
; N/A   ; None         ; 8.800 ns   ; x[1] ; cnt4[2]           ; CLK      ;
; N/A   ; None         ; 8.800 ns   ; x[1] ; cnt4[1]           ; CLK      ;
; N/A   ; None         ; 8.600 ns   ; x[0] ; cnt3[2]           ; CLK      ;
; N/A   ; None         ; 8.600 ns   ; x[1] ; cnt3[2]           ; CLK      ;
; N/A   ; None         ; 5.100 ns   ; x[1] ; cnt3[1]           ; CLK      ;
; N/A   ; None         ; 5.100 ns   ; x[1] ; cnt3[0]           ; CLK      ;
; N/A   ; None         ; 4.500 ns   ; x[0] ; cnt3[1]           ; CLK      ;
; N/A   ; None         ; 4.500 ns   ; x[0] ; cnt3[0]           ; CLK      ;
+-------+--------------+------------+------+-------------------+----------+


+-----------------------------------------------------------------------------------+
; tco                                                                               ;
+-------+--------------+------------+-------------------+--------------+------------+
; Slack ; Required tco ; Actual tco ; From              ; To           ; From Clock ;
+-------+--------------+------------+-------------------+--------------+------------+
; N/A   ; None         ; 14.700 ns  ; row_Green[0]~reg0 ; row_Green[0] ; CLK        ;
; N/A   ; None         ; 14.300 ns  ; col_Red[2]~reg0   ; col_Red[2]   ; CLK        ;
; N/A   ; None         ; 14.300 ns  ; row_Green[2]~reg0 ; row_Green[2] ; CLK        ;
; N/A   ; None         ; 14.100 ns  ; col_Green[3]~reg0 ; col_Green[3] ; CLK        ;
; N/A   ; None         ; 13.100 ns  ; col_Red[1]~reg0   ; col_Red[1]   ; CLK        ;
; N/A   ; None         ; 13.100 ns  ; col_Red[4]~reg0   ; col_Red[4]   ; CLK        ;
; N/A   ; None         ; 13.100 ns  ; col_Red[5]~reg0   ; col_Red[5]   ; CLK        ;
; N/A   ; None         ; 13.100 ns  ; row_Green[3]~reg0 ; row_Green[3] ; CLK        ;
; N/A   ; None         ; 13.100 ns  ; col_Green[5]~reg0 ; col_Green[5] ; CLK        ;
; N/A   ; None         ; 12.900 ns  ; col_Green[4]~reg0 ; col_Green[4] ; CLK        ;
; N/A   ; None         ; 12.800 ns  ; col_Red[7]~reg0   ; col_Red[7]   ; CLK        ;
; N/A   ; None         ; 12.500 ns  ; row_Green[4]~reg0 ; row_Green[4] ; CLK        ;
; N/A   ; None         ; 12.400 ns  ; col_Red[0]~reg0   ; col_Red[0]   ; CLK        ;
; N/A   ; None         ; 12.400 ns  ; col_Red[3]~reg0   ; col_Red[3]   ; CLK        ;
; N/A   ; None         ; 12.400 ns  ; row_Green[1]~reg0 ; row_Green[1] ; CLK        ;
; N/A   ; None         ; 12.400 ns  ; row_Green[5]~reg0 ; row_Green[5] ; CLK        ;
; N/A   ; None         ; 12.400 ns  ; row_Green[6]~reg0 ; row_Green[6] ; CLK        ;
; N/A   ; None         ; 12.400 ns  ; row_Green[7]~reg0 ; row_Green[7] ; CLK        ;
; N/A   ; None         ; 12.400 ns  ; col_Green[2]~reg0 ; col_Green[2] ; CLK        ;
; N/A   ; None         ; 12.200 ns  ; col_Red[6]~reg0   ; col_Red[6]   ; CLK        ;
+-------+--------------+------------+-------------------+--------------+------------+


+--------------------------------------------------------------------------------+
; th                                                                             ;
+---------------+-------------+------------+------+-------------------+----------+
; Minimum Slack ; Required th ; Actual th  ; From ; To                ; To Clock ;
+---------------+-------------+------------+------+-------------------+----------+
; N/A           ; None        ; -0.800 ns  ; x[0] ; cnt2[0]           ; CLK      ;
; N/A           ; None        ; -0.800 ns  ; x[1] ; cnt2[0]           ; CLK      ;
; N/A           ; None        ; -1.400 ns  ; x[0] ; cnt3[1]           ; CLK      ;
; N/A           ; None        ; -1.400 ns  ; x[0] ; cnt3[0]           ; CLK      ;
; N/A           ; None        ; -1.500 ns  ; x[1] ; cnt3[1]           ; CLK      ;
; N/A           ; None        ; -1.500 ns  ; x[1] ; cnt3[0]           ; CLK      ;
; N/A           ; None        ; -2.000 ns  ; x[1] ; cnt3[2]           ; CLK      ;
; N/A           ; None        ; -2.900 ns  ; x[0] ; row_Green[6]~reg0 ; CLK      ;
; N/A           ; None        ; -2.900 ns  ; x[1] ; row_Green[7]~reg0 ; CLK      ;
; N/A           ; None        ; -3.000 ns  ; x[0] ; row_Green[0]~reg0 ; CLK      ;
; N/A           ; None        ; -3.000 ns  ; x[1] ; row_Green[1]~reg0 ; CLK      ;
; N/A           ; None        ; -3.400 ns  ; x[1] ; row_Green[5]~reg0 ; CLK      ;
; N/A           ; None        ; -3.500 ns  ; x[0] ; col_Red[4]~reg0   ; CLK      ;
; N/A           ; None        ; -3.500 ns  ; x[1] ; col_Red[3]~reg0   ; CLK      ;
; N/A           ; None        ; -3.600 ns  ; x[0] ; col_Green[5]~reg0 ; CLK      ;
; N/A           ; None        ; -3.600 ns  ; x[0] ; col_Green[2]~reg0 ; CLK      ;
; N/A           ; None        ; -3.800 ns  ; x[0] ; col_Red[6]~reg0   ; CLK      ;
; N/A           ; None        ; -3.800 ns  ; x[0] ; col_Red[1]~reg0   ; CLK      ;
; N/A           ; None        ; -3.800 ns  ; x[1] ; col_Red[6]~reg0   ; CLK      ;
; N/A           ; None        ; -3.800 ns  ; x[1] ; col_Red[1]~reg0   ; CLK      ;
; N/A           ; None        ; -3.900 ns  ; x[0] ; row_Green[2]~reg0 ; CLK      ;
; N/A           ; None        ; -3.900 ns  ; x[0] ; col_Red[2]~reg0   ; CLK      ;
; N/A           ; None        ; -3.900 ns  ; x[1] ; row_Green[3]~reg0 ; CLK      ;
; N/A           ; None        ; -3.900 ns  ; x[1] ; col_Red[5]~reg0   ; CLK      ;
; N/A           ; None        ; -4.000 ns  ; x[0] ; col_Green[4]~reg0 ; CLK      ;
; N/A           ; None        ; -4.000 ns  ; x[0] ; col_Green[3]~reg0 ; CLK      ;
; N/A           ; None        ; -4.000 ns  ; x[0] ; row_Green[4]~reg0 ; CLK      ;
; N/A           ; None        ; -4.000 ns  ; x[0] ; col_Red[0]~reg0   ; CLK      ;
; N/A           ; None        ; -4.000 ns  ; x[1] ; col_Red[7]~reg0   ; CLK      ;
; N/A           ; None        ; -4.900 ns  ; x[0] ; cnt2[2]           ; CLK      ;
; N/A           ; None        ; -4.900 ns  ; x[0] ; cnt2[1]           ; CLK      ;
; N/A           ; None        ; -4.900 ns  ; x[1] ; cnt2[2]           ; CLK      ;
; N/A           ; None        ; -4.900 ns  ; x[1] ; cnt2[1]           ; CLK      ;
; N/A           ; None        ; -5.200 ns  ; x[0] ; cnt4[0]           ; CLK      ;
; N/A           ; None        ; -5.200 ns  ; x[0] ; cnt4[2]           ; CLK      ;
; N/A           ; None        ; -5.200 ns  ; x[0] ; cnt4[1]           ; CLK      ;
; N/A           ; None        ; -5.200 ns  ; x[1] ; cnt4[0]           ; CLK      ;
; N/A           ; None        ; -5.200 ns  ; x[1] ; cnt4[2]           ; CLK      ;
; N/A           ; None        ; -5.200 ns  ; x[1] ; cnt4[1]           ; CLK      ;
; N/A           ; None        ; -5.300 ns  ; x[0] ; row_Green[7]~reg0 ; CLK      ;
; N/A           ; None        ; -5.300 ns  ; x[1] ; row_Green[6]~reg0 ; CLK      ;
; N/A           ; None        ; -5.400 ns  ; x[0] ; row_Green[1]~reg0 ; CLK      ;
; N/A           ; None        ; -5.400 ns  ; x[1] ; row_Green[0]~reg0 ; CLK      ;
; N/A           ; None        ; -5.500 ns  ; x[0] ; cnt3[2]           ; CLK      ;
; N/A           ; None        ; -5.800 ns  ; x[0] ; row_Green[5]~reg0 ; CLK      ;
; N/A           ; None        ; -5.900 ns  ; x[0] ; col_Red[3]~reg0   ; CLK      ;
; N/A           ; None        ; -5.900 ns  ; x[1] ; col_Red[4]~reg0   ; CLK      ;
; N/A           ; None        ; -6.000 ns  ; x[1] ; col_Green[5]~reg0 ; CLK      ;
; N/A           ; None        ; -6.000 ns  ; x[1] ; col_Green[2]~reg0 ; CLK      ;
; N/A           ; None        ; -6.200 ns  ; x[1] ; row_Green[2]~reg0 ; CLK      ;
; N/A           ; None        ; -6.300 ns  ; x[0] ; row_Green[3]~reg0 ; CLK      ;
; N/A           ; None        ; -6.300 ns  ; x[0] ; col_Red[5]~reg0   ; CLK      ;
; N/A           ; None        ; -6.300 ns  ; x[1] ; col_Red[2]~reg0   ; CLK      ;
; N/A           ; None        ; -6.400 ns  ; x[0] ; col_Red[7]~reg0   ; CLK      ;
; N/A           ; None        ; -6.400 ns  ; x[1] ; col_Green[4]~reg0 ; CLK      ;
; N/A           ; None        ; -6.400 ns  ; x[1] ; col_Green[3]~reg0 ; CLK      ;
; N/A           ; None        ; -6.400 ns  ; x[1] ; row_Green[4]~reg0 ; CLK      ;
; N/A           ; None        ; -6.400 ns  ; x[1] ; col_Red[0]~reg0   ; CLK      ;
; N/A           ; None        ; -10.900 ns ; x[0] ; cnt1[0]           ; CLK      ;
; N/A           ; None        ; -10.900 ns ; x[0] ; cnt1[1]           ; CLK      ;
; N/A           ; None        ; -10.900 ns ; x[0] ; cnt1[2]           ; CLK      ;
; N/A           ; None        ; -10.900 ns ; x[1] ; cnt1[0]           ; CLK      ;
; N/A           ; None        ; -10.900 ns ; x[1] ; cnt1[1]           ; CLK      ;
; N/A           ; None        ; -10.900 ns ; x[1] ; cnt1[2]           ; CLK      ;
+---------------+-------------+------------+------+-------------------+----------+


+--------------------------+
; Timing Analyzer Messages ;
+--------------------------+
Info: *******************************************************************
Info: Running Quartus II Classic Timing Analyzer
    Info: Version 7.2 Build 203 02/05/2008 Service Pack 2 SJ Web Edition
    Info: Processing started: Thu Jun 07 20:25:07 2018
Info: Command: quartus_tan --read_settings_files=off --write_settings_files=off monster2 -c monster2
Info: Started post-fitting delay annotation
Info: Delay annotation completed successfully
Warning: Found pins functioning as undefined clocks and/or memory enables
    Info: Assuming node "CLK" is an undefined clock
Info: Clock "CLK" has Internal fmax of 70.42 MHz between source register "cnt3[2]" and destination register "row_Green[2]~reg0" (period= 14.2 ns)
    Info: + Longest register to register delay is 12.100 ns
        Info: 1: + IC(0.000 ns) + CELL(0.000 ns) = 0.000 ns; Loc. = LC4_A13; Fanout = 12; REG Node = 'cnt3[2]'
        Info: 2: + IC(1.900 ns) + CELL(2.200 ns) = 4.100 ns; Loc. = LC1_A14; Fanout = 1; COMB Node = 'Mux30~98'
        Info: 3: + IC(1.800 ns) + CELL(2.200 ns) = 8.100 ns; Loc. = LC7_A15; Fanout = 1; COMB Node = 'row_Green~385'
        Info: 4: + IC(0.200 ns) + CELL(2.200 ns) = 10.500 ns; Loc. = LC8_A15; Fanout = 1; COMB Node = 'row_Green~386'
        Info: 5: + IC(0.200 ns) + CELL(1.400 ns) = 12.100 ns; Loc. = LC2_A15; Fanout = 2; REG Node = 'row_Green[2]~reg0'
        Info: Total cell delay = 8.000 ns ( 66.12 % )
        Info: Total interconnect delay = 4.100 ns ( 33.88 % )
    Info: - Smallest clock skew is 0.000 ns
        Info: + Shortest clock path from clock "CLK" to destination register is 3.600 ns
            Info: 1: + IC(0.000 ns) + CELL(1.400 ns) = 1.400 ns; Loc. = PIN_55; Fanout = 32; CLK Node = 'CLK'
            Info: 2: + IC(2.200 ns) + CELL(0.000 ns) = 3.600 ns; Loc. = LC2_A15; Fanout = 2; REG Node = 'row_Green[2]~reg0'
            Info: Total cell delay = 1.400 ns ( 38.89 % )
            Info: Total interconnect delay = 2.200 ns ( 61.11 % )
        Info: - Longest clock path from clock "CLK" to source register is 3.600 ns
            Info: 1: + IC(0.000 ns) + CELL(1.400 ns) = 1.400 ns; Loc. = PIN_55; Fanout = 32; CLK Node = 'CLK'
            Info: 2: + IC(2.200 ns) + CELL(0.000 ns) = 3.600 ns; Loc. = LC4_A13; Fanout = 12; REG Node = 'cnt3[2]'
            Info: Total cell delay = 1.400 ns ( 38.89 % )
            Info: Total interconnect delay = 2.200 ns ( 61.11 % )
    Info: + Micro clock to output delay of source is 0.700 ns
    Info: + Micro setup delay of destination is 1.400 ns
Info: tsu for register "cnt1[0]" (data pin = "x[0]", clock pin = "CLK") is 14.000 ns
    Info: + Longest pin to register delay is 16.200 ns
        Info: 1: + IC(0.000 ns) + CELL(1.400 ns) = 1.400 ns; Loc. = PIN_126; Fanout = 39; PIN Node = 'x[0]'
        Info: 2: + IC(3.900 ns) + CELL(2.200 ns) = 7.500 ns; Loc. = LC1_A12; Fanout = 27; COMB Node = 'Equal0~13'
        Info: 3: + IC(2.800 ns) + CELL(2.200 ns) = 12.500 ns; Loc. = LC3_A7; Fanout = 3; COMB Node = 'cnt1[2]~28'
        Info: 4: + IC(1.700 ns) + CELL(2.000 ns) = 16.200 ns; Loc. = LC6_A6; Fanout = 16; REG Node = 'cnt1[0]'
        Info: Total cell delay = 7.800 ns ( 48.15 % )
        Info: Total interconnect delay = 8.400 ns ( 51.85 % )
    Info: + Micro setup delay of destination is 1.400 ns
    Info: - Shortest clock path from clock "CLK" to destination register is 3.600 ns
        Info: 1: + IC(0.000 ns) + CELL(1.400 ns) = 1.400 ns; Loc. = PIN_55; Fanout = 32; CLK Node = 'CLK'
        Info: 2: + IC(2.200 ns) + CELL(0.000 ns) = 3.600 ns; Loc. = LC6_A6; Fanout = 16; REG Node = 'cnt1[0]'
        Info: Total cell delay = 1.400 ns ( 38.89 % )
        Info: Total interconnect delay = 2.200 ns ( 61.11 % )
Info: tco from clock "CLK" to destination pin "row_Green[0]" through register "row_Green[0]~reg0" is 14.700 ns
    Info: + Longest clock path from clock "CLK" to source register is 3.600 ns
        Info: 1: + IC(0.000 ns) + CELL(1.400 ns) = 1.400 ns; Loc. = PIN_55; Fanout = 32; CLK Node = 'CLK'
        Info: 2: + IC(2.200 ns) + CELL(0.000 ns) = 3.600 ns; Loc. = LC2_A3; Fanout = 2; REG Node = 'row_Green[0]~reg0'
        Info: Total cell delay = 1.400 ns ( 38.89 % )
        Info: Total interconnect delay = 2.200 ns ( 61.11 % )
    Info: + Micro clock to output delay of source is 0.700 ns
    Info: + Longest register to pin delay is 10.400 ns
        Info: 1: + IC(0.000 ns) + CELL(0.000 ns) = 0.000 ns; Loc. = LC2_A3; Fanout = 2; REG Node = 'row_Green[0]~reg0'
        Info: 2: + IC(4.100 ns) + CELL(6.300 ns) = 10.400 ns; Loc. = PIN_12; Fanout = 0; PIN Node = 'row_Green[0]'
        Info: Total cell delay = 6.300 ns ( 60.58 % )
        Info: Total interconnect delay = 4.100 ns ( 39.42 % )
Info: th for register "cnt2[0]" (data pin = "x[0]", clock pin = "CLK") is -0.800 ns
    Info: + Longest clock path from clock "CLK" to destination register is 3.600 ns
        Info: 1: + IC(0.000 ns) + CELL(1.400 ns) = 1.400 ns; Loc. = PIN_55; Fanout = 32; CLK Node = 'CLK'
        Info: 2: + IC(2.200 ns) + CELL(0.000 ns) = 3.600 ns; Loc. = LC1_A5; Fanout = 12; REG Node = 'cnt2[0]'
        Info: Total cell delay = 1.400 ns ( 38.89 % )
        Info: Total interconnect delay = 2.200 ns ( 61.11 % )
    Info: + Micro hold delay of destination is 1.700 ns
    Info: - Shortest pin to register delay is 6.100 ns
        Info: 1: + IC(0.000 ns) + CELL(1.400 ns) = 1.400 ns; Loc. = PIN_126; Fanout = 39; PIN Node = 'x[0]'
        Info: 2: + IC(3.300 ns) + CELL(1.400 ns) = 6.100 ns; Loc. = LC1_A5; Fanout = 12; REG Node = 'cnt2[0]'
        Info: Total cell delay = 2.800 ns ( 45.90 % )
        Info: Total interconnect delay = 3.300 ns ( 54.10 % )
Info: Quartus II Classic Timing Analyzer was successful. 0 errors, 1 warning
    Info: Allocated 155 megabytes of memory during processing
    Info: Processing ended: Thu Jun 07 20:25:07 2018
    Info: Elapsed time: 00:00:00


